c:\users\bedo\source\repos\hw2\hw2\debug\hw2.pch
c:\users\bedo\source\repos\hw2\hw2\debug\vc141.pdb
c:\users\bedo\source\repos\hw2\hw2\debug\vc141.ıdb
c:\users\bedo\source\repos\hw2\hw2\debug\pch.obj
c:\users\bedo\source\repos\hw2\hw2\debug\temperaturecontroller.obj
c:\users\bedo\source\repos\hw2\hw2\debug\studentsımulator.obj
c:\users\bedo\source\repos\hw2\hw2\debug\pressurecontroller.obj
c:\users\bedo\source\repos\hw2\hw2\debug\operatorconsole.obj
c:\users\bedo\source\repos\hw2\hw2\debug\hw2.obj
c:\users\bedo\source\repos\hw2\debug\hw2.exe
c:\users\bedo\source\repos\hw2\debug\hw2.ılk
c:\users\bedo\source\repos\hw2\debug\hw2.pdb
c:\users\bedo\source\repos\hw2\hw2\debug\hw2.res
c:\users\bedo\source\repos\hw2\hw2\debug\studentsimulator.obj
c:\users\bedo\source\repos\hw2\hw2\debug\vc141.idb
c:\users\bedo\source\repos\hw2\debug\hw2.ilk
c:\users\bedo\source\repos\hw2\hw2\debug\hw2.tlog\cl.command.1.tlog
c:\users\bedo\source\repos\hw2\hw2\debug\hw2.tlog\cl.read.1.tlog
c:\users\bedo\source\repos\hw2\hw2\debug\hw2.tlog\cl.write.1.tlog
c:\users\bedo\source\repos\hw2\hw2\debug\hw2.tlog\link.command.1.tlog
c:\users\bedo\source\repos\hw2\hw2\debug\hw2.tlog\link.read.1.tlog
c:\users\bedo\source\repos\hw2\hw2\debug\hw2.tlog\link.write.1.tlog
c:\users\bedo\source\repos\hw2\hw2\debug\hw2.tlog\rc.command.1.tlog
c:\users\bedo\source\repos\hw2\hw2\debug\hw2.tlog\rc.read.1.tlog
c:\users\bedo\source\repos\hw2\hw2\debug\hw2.tlog\rc.write.1.tlog
